This file contains any messages produced by compilers while
running configure, to aid debugging if configure makes a mistake.

It was created by configure, which was
generated by GNU Autoconf 2.69.  Invocation command line was

  $ /Users/dora/WORK/ECLIPSE_SPACE/AthenaWind/./configure --with-problem=cylwindrotb

## --------- ##
## Platform. ##
## --------- ##

hostname = Antons-MacBook-Pro.local
uname -m = x86_64
uname -r = 13.4.0
uname -s = Darwin
uname -v = Darwin Kernel Version 13.4.0: Wed Mar 18 16:20:14 PDT 2015; root:xnu-2422.115.14~1/RELEASE_X86_64

/usr/bin/uname -p = i386
/bin/uname -X     = unknown

/bin/arch              = unknown
/usr/bin/arch -k       = unknown
/usr/convex/getsysinfo = unknown
/usr/bin/hostinfo      = Mach kernel version:
	 Darwin Kernel Version 13.4.0: Wed Mar 18 16:20:14 PDT 2015; root:xnu-2422.115.14~1/RELEASE_X86_64
Kernel configured for up to 8 processors.
4 processors are physically available.
8 processors are logically available.
Processor type: i486 (Intel 80486)
Processors active: 0 1 2 3 4 5 6 7
Primary memory available: 16.00 gigabytes
Default processor set: 209 tasks, 1180 threads, 8 processors
Load average: 1.86, Mach factor: 6.12
/bin/machine           = unknown
/usr/bin/oslevel       = unknown
/bin/universe          = unknown

PATH: /Applications/anaconda/bin
PATH: /opt/local/bin
PATH: /opt/local/sbin
PATH: /Users/dora/Library/Enthought/Canopy_64bit/User/bin
PATH: /usr/bin
PATH: /bin
PATH: /usr/sbin
PATH: /sbin
PATH: /usr/local/bin
PATH: /usr/texbin


## ----------- ##
## Core tests. ##
## ----------- ##

configure:2142: checking for gcc
configure:2158: found /usr/bin/gcc
configure:2169: result: gcc
configure:2398: checking for C compiler version
configure:2407: gcc --version >&5
Apple LLVM version 6.0 (clang-600.0.54) (based on LLVM 3.5svn)
Target: x86_64-apple-darwin13.4.0
Thread model: posix
Configured with: --prefix=/Applications/Xcode.app/Contents/Developer/usr --with-gxx-include-dir=/Applications/Xcode.app/Contents/Developer/Platforms/MacOSX.platform/Developer/SDKs/MacOSX10.10.sdk/usr/include/c++/4.2.1
configure:2418: $? = 0
configure:2407: gcc -v >&5
Configured with: --prefix=/Applications/Xcode.app/Contents/Developer/usr --with-gxx-include-dir=/Applications/Xcode.app/Contents/Developer/Platforms/MacOSX.platform/Developer/SDKs/MacOSX10.10.sdk/usr/include/c++/4.2.1
Apple LLVM version 6.0 (clang-600.0.54) (based on LLVM 3.5svn)
Target: x86_64-apple-darwin13.4.0
Thread model: posix
configure:2418: $? = 0
configure:2407: gcc -V >&5
clang: error: argument to '-V' is missing (expected 1 value)
clang: error: no input files
configure:2418: $? = 1
configure:2407: gcc -qversion >&5
clang: error: unknown argument: '-qversion'
clang: error: no input files
configure:2418: $? = 1
configure:2438: checking whether the C compiler works
configure:2460: gcc    conftest.c  >&5
configure:2464: $? = 0
configure:2512: result: yes
configure:2515: checking for C compiler default output file name
configure:2517: result: a.out
configure:2523: checking for suffix of executables
configure:2530: gcc -o conftest    conftest.c  >&5
configure:2534: $? = 0
configure:2556: result: 
configure:2578: checking whether we are cross compiling
configure:2586: gcc -o conftest    conftest.c  >&5
configure:2590: $? = 0
configure:2597: ./conftest
configure:2601: $? = 0
configure:2616: result: no
configure:2621: checking for suffix of object files
configure:2643: gcc -c   conftest.c >&5
configure:2647: $? = 0
configure:2668: result: o
configure:2672: checking whether we are using the GNU C compiler
configure:2691: gcc -c   conftest.c >&5
configure:2691: $? = 0
configure:2700: result: yes
configure:2709: checking whether gcc accepts -g
configure:2729: gcc -c -g  conftest.c >&5
configure:2729: $? = 0
configure:2770: result: yes
configure:2787: checking for gcc option to accept ISO C89
configure:2850: gcc  -c -g -O2  conftest.c >&5
configure:2850: $? = 0
configure:2863: result: none needed
configure:2926: checking for a BSD-compatible install
configure:2994: result: /usr/bin/install -c
configure:3025: error: Invalid problem filename, valid names listed above

## ---------------- ##
## Cache variables. ##
## ---------------- ##

ac_cv_c_compiler_gnu=yes
ac_cv_env_CC_set=
ac_cv_env_CC_value=
ac_cv_env_CFLAGS_set=
ac_cv_env_CFLAGS_value=
ac_cv_env_CPPFLAGS_set=
ac_cv_env_CPPFLAGS_value=
ac_cv_env_CPP_set=
ac_cv_env_CPP_value=
ac_cv_env_LDFLAGS_set=
ac_cv_env_LDFLAGS_value=
ac_cv_env_LIBS_set=
ac_cv_env_LIBS_value=
ac_cv_env_build_alias_set=
ac_cv_env_build_alias_value=
ac_cv_env_host_alias_set=
ac_cv_env_host_alias_value=
ac_cv_env_target_alias_set=
ac_cv_env_target_alias_value=
ac_cv_objext=o
ac_cv_path_install='/usr/bin/install -c'
ac_cv_prog_ac_ct_CC=gcc
ac_cv_prog_cc_c89=
ac_cv_prog_cc_g=yes

## ----------------- ##
## Output variables. ##
## ----------------- ##

ACCURACY=''
A_CONFIGURE_DATE=''
CC='gcc'
CFLAGS='-g -O2'
COMPILER_OPTS=''
CONDUCTION_MODE=''
COORD=''
CPP=''
CPPFLAGS=''
DEBUG_MODE=''
DEFS=''
ECHO_C='\c'
ECHO_N=''
ECHO_T=''
EGREP=''
EOS=''
EXEEXT=''
FARGO_MODE=''
FEEDBACK_DEFINE=''
FFT_MODE=''
FLUX_DEF=''
FLUX_NAME=''
FOFC_MODE=''
GAS=''
GREP=''
H_CORRECTION_MODE=''
INSTALL_DATA='${INSTALL} -m 644'
INSTALL_PROGRAM='${INSTALL}'
INSTALL_SCRIPT='${INSTALL}'
INTEGRATOR=''
INTEGRATOR_DEF=''
L1_INFLOW_MODE=''
LDFLAGS=''
LIBOBJS=''
LIBS=''
LTLIBOBJS=''
MESH_REFINEMENT=''
MPI_MODE=''
NSCALARS=''
OBJEXT='o'
ORDER=''
PACKAGE_BUGREPORT=''
PACKAGE_NAME=''
PACKAGE_STRING=''
PACKAGE_TARNAME=''
PACKAGE_URL=''
PACKAGE_VERSION=''
PARTICLES_ALGORITHM=''
PATH_SEPARATOR=':'
PRECISION=''
PROBLEM='cylwindrotb'
RESISTIVITY_MODE=''
ROTATING_FRAME_MODE=''
SELF_GRAVITY_ALGORITHM=''
SELF_GRAVITY_DEFINE=''
SHEARING_BOX_MODE=''
SHELL='/bin/sh'
SPECIAL_RELATIVITY_MODE=''
TIMESTEPPING_MODE=''
VISCOSITY_MODE=''
WARNING1=''
WARNING2=''
WRITE_GHOST_MODE=''
ac_ct_CC='gcc'
bindir='${exec_prefix}/bin'
build_alias=''
datadir='${datarootdir}'
datarootdir='${prefix}/share'
docdir='${datarootdir}/doc/${PACKAGE}'
dvidir='${docdir}'
exec_prefix='NONE'
host_alias=''
htmldir='${docdir}'
includedir='${prefix}/include'
infodir='${datarootdir}/info'
libdir='${exec_prefix}/lib'
libexecdir='${exec_prefix}/libexec'
localedir='${datarootdir}/locale'
localstatedir='${prefix}/var'
mandir='${datarootdir}/man'
oldincludedir='/usr/include'
pdfdir='${docdir}'
prefix='NONE'
program_transform_name='s,x,x,'
psdir='${docdir}'
sbindir='${exec_prefix}/sbin'
sharedstatedir='${prefix}/com'
sysconfdir='${prefix}/etc'
target_alias=''

## ----------- ##
## confdefs.h. ##
## ----------- ##

/* confdefs.h */
#define PACKAGE_NAME ""
#define PACKAGE_TARNAME ""
#define PACKAGE_VERSION ""
#define PACKAGE_STRING ""
#define PACKAGE_BUGREPORT ""
#define PACKAGE_URL ""

configure: exit 1
